c:\users\matth\desktop\entwicklung\study\struct uebung kartenspiel\kartenspiel\kartenspiel\debug\vc142.pdb
c:\users\matth\desktop\entwicklung\study\struct uebung kartenspiel\kartenspiel\kartenspiel\debug\vc142.idb
c:\users\matth\desktop\entwicklung\study\struct uebung kartenspiel\kartenspiel\kartenspiel\debug\main.obj
c:\users\matth\desktop\entwicklung\study\struct uebung kartenspiel\kartenspiel\kartenspiel\debug\types.obj
c:\users\matth\desktop\entwicklung\study\struct uebung kartenspiel\kartenspiel\kartenspiel\debug\start_up.obj
c:\users\matth\desktop\entwicklung\study\struct uebung kartenspiel\kartenspiel\kartenspiel\debug\helper.obj
c:\users\matth\desktop\entwicklung\study\struct uebung kartenspiel\kartenspiel\kartenspiel\debug\quelle.obj
c:\users\matth\desktop\entwicklung\study\struct uebung kartenspiel\kartenspiel\kartenspiel\debug\main.obj.enc
c:\users\matth\desktop\entwicklung\study\struct uebung kartenspiel\kartenspiel\debug\kartenspiel.pdb
c:\users\matth\desktop\entwicklung\study\struct uebung kartenspiel\kartenspiel\kartenspiel\debug\kartenspiel.tlog\cl.command.1.tlog
c:\users\matth\desktop\entwicklung\study\struct uebung kartenspiel\kartenspiel\kartenspiel\debug\kartenspiel.tlog\cl.read.1.tlog
c:\users\matth\desktop\entwicklung\study\struct uebung kartenspiel\kartenspiel\kartenspiel\debug\kartenspiel.tlog\cl.write.1.tlog
c:\users\matth\desktop\entwicklung\study\struct uebung kartenspiel\kartenspiel\kartenspiel\debug\kartenspiel.tlog\link-cvtres.read.1.tlog
c:\users\matth\desktop\entwicklung\study\struct uebung kartenspiel\kartenspiel\kartenspiel\debug\kartenspiel.tlog\link-cvtres.write.1.tlog
c:\users\matth\desktop\entwicklung\study\struct uebung kartenspiel\kartenspiel\kartenspiel\debug\kartenspiel.tlog\link-rc.read.1.tlog
c:\users\matth\desktop\entwicklung\study\struct uebung kartenspiel\kartenspiel\kartenspiel\debug\kartenspiel.tlog\link-rc.write.1.tlog
c:\users\matth\desktop\entwicklung\study\struct uebung kartenspiel\kartenspiel\kartenspiel\debug\kartenspiel.tlog\link.10864-cvtres.read.1.tlog
c:\users\matth\desktop\entwicklung\study\struct uebung kartenspiel\kartenspiel\kartenspiel\debug\kartenspiel.tlog\link.10864-cvtres.write.1.tlog
c:\users\matth\desktop\entwicklung\study\struct uebung kartenspiel\kartenspiel\kartenspiel\debug\kartenspiel.tlog\link.10864-rc.read.1.tlog
c:\users\matth\desktop\entwicklung\study\struct uebung kartenspiel\kartenspiel\kartenspiel\debug\kartenspiel.tlog\link.10864-rc.write.1.tlog
c:\users\matth\desktop\entwicklung\study\struct uebung kartenspiel\kartenspiel\kartenspiel\debug\kartenspiel.tlog\link.10864.read.1.tlog
c:\users\matth\desktop\entwicklung\study\struct uebung kartenspiel\kartenspiel\kartenspiel\debug\kartenspiel.tlog\link.10864.write.1.tlog
c:\users\matth\desktop\entwicklung\study\struct uebung kartenspiel\kartenspiel\kartenspiel\debug\kartenspiel.tlog\link.command.1.tlog
c:\users\matth\desktop\entwicklung\study\struct uebung kartenspiel\kartenspiel\kartenspiel\debug\kartenspiel.tlog\link.read.1.tlog
c:\users\matth\desktop\entwicklung\study\struct uebung kartenspiel\kartenspiel\kartenspiel\debug\kartenspiel.tlog\link.write.1.tlog
